{"C:\\Users\\rayde\\Downloads\\Ecoturistea_Proyecto\\backend\\config\\database.js": {"path":"C:\\Users\\rayde\\Downloads\\Ecoturistea_Proyecto\\backend\\config\\database.js","statementMap":{"0":{"start":{"line":4,"column":0},"end":{"line":4,"column":16}},"1":{"start":{"line":6,"column":13},"end":{"line":11,"column":2}}},"fnMap":{},"branchMap":{},"s":{"0":7,"1":7},"f":{},"b":{},"_coverageSchema":"1a1c01bbd47fc00a2c39e90264f33305004495a9","hash":"58b7dd47cee6571ac7e88cec1f2fbd2d6a0e8814"}
,"C:\\Users\\rayde\\Downloads\\Ecoturistea_Proyecto\\backend\\controllers\\comentarioController.js": {"path":"C:\\Users\\rayde\\Downloads\\Ecoturistea_Proyecto\\backend\\controllers\\comentarioController.js","statementMap":{"0":{"start":{"line":4,"column":26},"end":{"line":22,"column":1}},"1":{"start":{"line":5,"column":50},"end":{"line":5,"column":58}},"2":{"start":{"line":8,"column":2},"end":{"line":10,"column":3}},"3":{"start":{"line":9,"column":4},"end":{"line":9,"column":80}},"4":{"start":{"line":12,"column":2},"end":{"line":21,"column":3}},"5":{"start":{"line":13,"column":4},"end":{"line":16,"column":6}},"6":{"start":{"line":17,"column":4},"end":{"line":17,"column":74}},"7":{"start":{"line":19,"column":4},"end":{"line":19,"column":23}},"8":{"start":{"line":20,"column":4},"end":{"line":20,"column":70}},"9":{"start":{"line":25,"column":27},"end":{"line":33,"column":1}},"10":{"start":{"line":26,"column":2},"end":{"line":32,"column":3}},"11":{"start":{"line":27,"column":19},"end":{"line":27,"column":63}},"12":{"start":{"line":28,"column":4},"end":{"line":28,"column":19}},"13":{"start":{"line":30,"column":4},"end":{"line":30,"column":23}},"14":{"start":{"line":31,"column":4},"end":{"line":31,"column":72}}},"fnMap":{"0":{"name":"(anonymous_0)","decl":{"start":{"line":4,"column":26},"end":{"line":4,"column":27}},"loc":{"start":{"line":4,"column":46},"end":{"line":22,"column":1}},"line":4},"1":{"name":"(anonymous_1)","decl":{"start":{"line":25,"column":27},"end":{"line":25,"column":28}},"loc":{"start":{"line":25,"column":47},"end":{"line":33,"column":1}},"line":25}},"branchMap":{"0":{"loc":{"start":{"line":8,"column":2},"end":{"line":10,"column":3}},"type":"if","locations":[{"start":{"line":8,"column":2},"end":{"line":10,"column":3}},{"start":{},"end":{}}],"line":8},"1":{"loc":{"start":{"line":8,"column":6},"end":{"line":8,"column":48}},"type":"binary-expr","locations":[{"start":{"line":8,"column":6},"end":{"line":8,"column":13}},{"start":{"line":8,"column":17},"end":{"line":8,"column":36}},{"start":{"line":8,"column":40},"end":{"line":8,"column":48}}],"line":8}},"s":{"0":3,"1":3,"2":3,"3":1,"4":2,"5":2,"6":1,"7":1,"8":1,"9":3,"10":3,"11":3,"12":2,"13":1,"14":1},"f":{"0":3,"1":3},"b":{"0":[1,2],"1":[3,3,3]},"_coverageSchema":"1a1c01bbd47fc00a2c39e90264f33305004495a9","hash":"984bcfa4869197835dd972fde497281bfe13bc4c"}
,"C:\\Users\\rayde\\Downloads\\Ecoturistea_Proyecto\\backend\\controllers\\lugarController.js": {"path":"C:\\Users\\rayde\\Downloads\\Ecoturistea_Proyecto\\backend\\controllers\\lugarController.js","statementMap":{"0":{"start":{"line":3,"column":26},"end":{"line":10,"column":1}},"1":{"start":{"line":4,"column":4},"end":{"line":9,"column":5}},"2":{"start":{"line":5,"column":23},"end":{"line":5,"column":62}},"3":{"start":{"line":6,"column":8},"end":{"line":6,"column":23}},"4":{"start":{"line":8,"column":8},"end":{"line":8,"column":53}},"5":{"start":{"line":12,"column":27},"end":{"line":20,"column":1}},"6":{"start":{"line":13,"column":62},"end":{"line":13,"column":70}},"7":{"start":{"line":14,"column":4},"end":{"line":19,"column":5}},"8":{"start":{"line":15,"column":23},"end":{"line":15,"column":177}},"9":{"start":{"line":16,"column":8},"end":{"line":16,"column":67}},"10":{"start":{"line":18,"column":8},"end":{"line":18,"column":53}},"11":{"start":{"line":22,"column":27},"end":{"line":31,"column":1}},"12":{"start":{"line":23,"column":19},"end":{"line":23,"column":29}},"13":{"start":{"line":24,"column":62},"end":{"line":24,"column":70}},"14":{"start":{"line":25,"column":4},"end":{"line":30,"column":5}},"15":{"start":{"line":26,"column":8},"end":{"line":26,"column":179}},"16":{"start":{"line":27,"column":8},"end":{"line":27,"column":47}},"17":{"start":{"line":29,"column":8},"end":{"line":29,"column":53}},"18":{"start":{"line":33,"column":27},"end":{"line":41,"column":1}},"19":{"start":{"line":34,"column":19},"end":{"line":34,"column":29}},"20":{"start":{"line":35,"column":4},"end":{"line":40,"column":5}},"21":{"start":{"line":36,"column":8},"end":{"line":36,"column":71}},"22":{"start":{"line":37,"column":8},"end":{"line":37,"column":47}},"23":{"start":{"line":39,"column":8},"end":{"line":39,"column":53}}},"fnMap":{"0":{"name":"(anonymous_0)","decl":{"start":{"line":3,"column":26},"end":{"line":3,"column":27}},"loc":{"start":{"line":3,"column":46},"end":{"line":10,"column":1}},"line":3},"1":{"name":"(anonymous_1)","decl":{"start":{"line":12,"column":27},"end":{"line":12,"column":28}},"loc":{"start":{"line":12,"column":47},"end":{"line":20,"column":1}},"line":12},"2":{"name":"(anonymous_2)","decl":{"start":{"line":22,"column":27},"end":{"line":22,"column":28}},"loc":{"start":{"line":22,"column":47},"end":{"line":31,"column":1}},"line":22},"3":{"name":"(anonymous_3)","decl":{"start":{"line":33,"column":27},"end":{"line":33,"column":28}},"loc":{"start":{"line":33,"column":47},"end":{"line":41,"column":1}},"line":33}},"branchMap":{},"s":{"0":3,"1":3,"2":3,"3":2,"4":1,"5":3,"6":3,"7":3,"8":3,"9":1,"10":2,"11":3,"12":4,"13":4,"14":4,"15":4,"16":3,"17":1,"18":3,"19":4,"20":4,"21":4,"22":3,"23":1},"f":{"0":3,"1":3,"2":4,"3":4},"b":{},"_coverageSchema":"1a1c01bbd47fc00a2c39e90264f33305004495a9","hash":"35c51fd8c7a4d60eeb28173de8a631ed755d25e9"}
,"C:\\Users\\rayde\\Downloads\\Ecoturistea_Proyecto\\backend\\controllers\\userController.js": {"path":"C:\\Users\\rayde\\Downloads\\Ecoturistea_Proyecto\\backend\\controllers\\userController.js","statementMap":{"0":{"start":{"line":5,"column":28},"end":{"line":30,"column":1}},"1":{"start":{"line":6,"column":67},"end":{"line":6,"column":75}},"2":{"start":{"line":9,"column":2},"end":{"line":9,"column":48}},"3":{"start":{"line":11,"column":2},"end":{"line":13,"column":3}},"4":{"start":{"line":12,"column":4},"end":{"line":12,"column":73}},"5":{"start":{"line":15,"column":2},"end":{"line":29,"column":3}},"6":{"start":{"line":17,"column":27},"end":{"line":17,"column":58}},"7":{"start":{"line":20,"column":4},"end":{"line":23,"column":6}},"8":{"start":{"line":25,"column":4},"end":{"line":25,"column":73}},"9":{"start":{"line":27,"column":4},"end":{"line":27,"column":23}},"10":{"start":{"line":28,"column":4},"end":{"line":28,"column":69}},"11":{"start":{"line":35,"column":2},"end":{"line":59,"column":5}},"12":{"start":{"line":37,"column":4},"end":{"line":39,"column":5}},"13":{"start":{"line":38,"column":6},"end":{"line":38,"column":56}},"14":{"start":{"line":41,"column":4},"end":{"line":41,"column":51}},"15":{"start":{"line":42,"column":4},"end":{"line":42,"column":66}},"16":{"start":{"line":45,"column":4},"end":{"line":58,"column":7}},"17":{"start":{"line":46,"column":6},"end":{"line":49,"column":7}},"18":{"start":{"line":47,"column":8},"end":{"line":47,"column":73}},"19":{"start":{"line":48,"column":8},"end":{"line":48,"column":77}},"20":{"start":{"line":51,"column":6},"end":{"line":57,"column":7}},"21":{"start":{"line":52,"column":8},"end":{"line":52,"column":79}},"22":{"start":{"line":53,"column":8},"end":{"line":53,"column":29}},"23":{"start":{"line":55,"column":8},"end":{"line":55,"column":79}},"24":{"start":{"line":56,"column":8},"end":{"line":56,"column":56}},"25":{"start":{"line":63,"column":25},"end":{"line":87,"column":1}},"26":{"start":{"line":64,"column":35},"end":{"line":64,"column":43}},"27":{"start":{"line":66,"column":2},"end":{"line":86,"column":3}},"28":{"start":{"line":67,"column":19},"end":{"line":67,"column":93}},"29":{"start":{"line":69,"column":4},"end":{"line":71,"column":5}},"30":{"start":{"line":70,"column":6},"end":{"line":70,"column":70}},"31":{"start":{"line":73,"column":17},"end":{"line":73,"column":24}},"32":{"start":{"line":76,"column":4},"end":{"line":82,"column":9}},"33":{"start":{"line":78,"column":8},"end":{"line":78,"column":70}},"34":{"start":{"line":81,"column":8},"end":{"line":81,"column":55}},"35":{"start":{"line":84,"column":4},"end":{"line":84,"column":56}},"36":{"start":{"line":85,"column":4},"end":{"line":85,"column":58}}},"fnMap":{"0":{"name":"(anonymous_0)","decl":{"start":{"line":5,"column":28},"end":{"line":5,"column":29}},"loc":{"start":{"line":5,"column":48},"end":{"line":30,"column":1}},"line":5},"1":{"name":"validateUser","decl":{"start":{"line":34,"column":9},"end":{"line":34,"column":21}},"loc":{"start":{"line":34,"column":38},"end":{"line":60,"column":1}},"line":34},"2":{"name":"(anonymous_2)","decl":{"start":{"line":35,"column":21},"end":{"line":35,"column":22}},"loc":{"start":{"line":35,"column":42},"end":{"line":59,"column":3}},"line":35},"3":{"name":"(anonymous_3)","decl":{"start":{"line":45,"column":46},"end":{"line":45,"column":47}},"loc":{"start":{"line":45,"column":64},"end":{"line":58,"column":5}},"line":45},"4":{"name":"(anonymous_4)","decl":{"start":{"line":63,"column":25},"end":{"line":63,"column":26}},"loc":{"start":{"line":63,"column":45},"end":{"line":87,"column":1}},"line":63},"5":{"name":"(anonymous_5)","decl":{"start":{"line":77,"column":12},"end":{"line":77,"column":13}},"loc":{"start":{"line":77,"column":18},"end":{"line":79,"column":7}},"line":77},"6":{"name":"(anonymous_6)","decl":{"start":{"line":80,"column":13},"end":{"line":80,"column":14}},"loc":{"start":{"line":80,"column":24},"end":{"line":82,"column":7}},"line":80}},"branchMap":{"0":{"loc":{"start":{"line":11,"column":2},"end":{"line":13,"column":3}},"type":"if","locations":[{"start":{"line":11,"column":2},"end":{"line":13,"column":3}},{"start":{},"end":{}}],"line":11},"1":{"loc":{"start":{"line":11,"column":6},"end":{"line":11,"column":34}},"type":"binary-expr","locations":[{"start":{"line":11,"column":6},"end":{"line":11,"column":15}},{"start":{"line":11,"column":19},"end":{"line":11,"column":34}}],"line":11},"2":{"loc":{"start":{"line":37,"column":4},"end":{"line":39,"column":5}},"type":"if","locations":[{"start":{"line":37,"column":4},"end":{"line":39,"column":5}},{"start":{},"end":{}}],"line":37},"3":{"loc":{"start":{"line":46,"column":6},"end":{"line":49,"column":7}},"type":"if","locations":[{"start":{"line":46,"column":6},"end":{"line":49,"column":7}},{"start":{},"end":{}}],"line":46},"4":{"loc":{"start":{"line":51,"column":6},"end":{"line":57,"column":7}},"type":"if","locations":[{"start":{"line":51,"column":6},"end":{"line":57,"column":7}},{"start":{"line":54,"column":13},"end":{"line":57,"column":7}}],"line":51},"5":{"loc":{"start":{"line":69,"column":4},"end":{"line":71,"column":5}},"type":"if","locations":[{"start":{"line":69,"column":4},"end":{"line":71,"column":5}},{"start":{},"end":{}}],"line":69}},"s":{"0":3,"1":5,"2":5,"3":5,"4":2,"5":3,"6":3,"7":2,"8":1,"9":2,"10":2,"11":2,"12":2,"13":0,"14":2,"15":2,"16":2,"17":0,"18":0,"19":0,"20":0,"21":0,"22":0,"23":0,"24":0,"25":3,"26":6,"27":6,"28":6,"29":5,"30":3,"31":2,"32":2,"33":0,"34":0,"35":1,"36":1},"f":{"0":5,"1":2,"2":2,"3":0,"4":6,"5":0,"6":0},"b":{"0":[2,3],"1":[5,3],"2":[0,2],"3":[0,0],"4":[0,0],"5":[3,2]},"_coverageSchema":"1a1c01bbd47fc00a2c39e90264f33305004495a9","hash":"3f9cf0bdf48e8448a8c8bc4b3c03905c58735d81"}
,"C:\\Users\\rayde\\Downloads\\Ecoturistea_Proyecto\\backend\\routes\\comentarioRoutes.js": {"path":"C:\\Users\\rayde\\Downloads\\Ecoturistea_Proyecto\\backend\\routes\\comentarioRoutes.js","statementMap":{"0":{"start":{"line":4,"column":15},"end":{"line":4,"column":31}},"1":{"start":{"line":7,"column":0},"end":{"line":7,"column":39}},"2":{"start":{"line":10,"column":0},"end":{"line":10,"column":29}}},"fnMap":{},"branchMap":{},"s":{"0":2,"1":2,"2":2},"f":{},"b":{},"_coverageSchema":"1a1c01bbd47fc00a2c39e90264f33305004495a9","hash":"040591564ee4dbf04a8e7e502109772ce0cf1b2e"}
,"C:\\Users\\rayde\\Downloads\\Ecoturistea_Proyecto\\backend\\routes\\lugar.js": {"path":"C:\\Users\\rayde\\Downloads\\Ecoturistea_Proyecto\\backend\\routes\\lugar.js","statementMap":{"0":{"start":{"line":4,"column":15},"end":{"line":4,"column":31}},"1":{"start":{"line":6,"column":0},"end":{"line":6,"column":28}},"2":{"start":{"line":7,"column":0},"end":{"line":7,"column":30}},"3":{"start":{"line":8,"column":0},"end":{"line":8,"column":32}},"4":{"start":{"line":9,"column":0},"end":{"line":9,"column":35}}},"fnMap":{},"branchMap":{},"s":{"0":2,"1":2,"2":2,"3":2,"4":2},"f":{},"b":{},"_coverageSchema":"1a1c01bbd47fc00a2c39e90264f33305004495a9","hash":"932db2473b3c13c73634d9258084e8dfbf7992ad"}
,"C:\\Users\\rayde\\Downloads\\Ecoturistea_Proyecto\\backend\\routes\\user.js": {"path":"C:\\Users\\rayde\\Downloads\\Ecoturistea_Proyecto\\backend\\routes\\user.js","statementMap":{"0":{"start":{"line":3,"column":15},"end":{"line":3,"column":31}},"1":{"start":{"line":5,"column":0},"end":{"line":5,"column":39}},"2":{"start":{"line":6,"column":0},"end":{"line":6,"column":33}}},"fnMap":{},"branchMap":{},"s":{"0":2,"1":2,"2":2},"f":{},"b":{},"_coverageSchema":"1a1c01bbd47fc00a2c39e90264f33305004495a9","hash":"54ca2f2e132c9d9192e230679307005b575514da"}
}
