TN:
SF:config\database.js
FNF:0
FNH:0
DA:4,8
DA:6,8
LF:2
LH:2
BRF:0
BRH:0
end_of_record
TN:
SF:controllers\comentarioController.js
FN:4,(anonymous_0)
FN:25,(anonymous_1)
FNF:2
FNH:2
FNDA:3,(anonymous_0)
FNDA:3,(anonymous_1)
DA:4,3
DA:5,3
DA:8,3
DA:9,1
DA:12,2
DA:13,2
DA:17,1
DA:19,1
DA:20,1
DA:25,3
DA:26,3
DA:27,3
DA:28,2
DA:30,1
DA:31,1
LF:15
LH:15
BRDA:8,0,0,1
BRDA:8,0,1,2
BRDA:8,1,0,3
BRDA:8,1,1,3
BRDA:8,1,2,3
BRF:5
BRH:5
end_of_record
TN:
SF:controllers\lugarController.js
FN:3,(anonymous_0)
FN:12,(anonymous_1)
FN:22,(anonymous_2)
FN:33,(anonymous_3)
FNF:4
FNH:4
FNDA:3,(anonymous_0)
FNDA:3,(anonymous_1)
FNDA:4,(anonymous_2)
FNDA:4,(anonymous_3)
DA:3,3
DA:4,3
DA:5,3
DA:6,2
DA:8,1
DA:12,3
DA:13,3
DA:14,3
DA:15,3
DA:16,1
DA:18,2
DA:22,3
DA:23,4
DA:24,4
DA:25,4
DA:26,4
DA:27,3
DA:29,1
DA:33,3
DA:34,4
DA:35,4
DA:36,4
DA:37,3
DA:39,1
LF:24
LH:24
BRF:0
BRH:0
end_of_record
TN:
SF:controllers\ratingControllers.js
FN:4,(anonymous_0)
FNF:1
FNH:1
FNDA:3,(anonymous_0)
DA:4,1
DA:5,3
DA:7,3
DA:8,1
DA:11,2
DA:12,2
DA:16,0
DA:18,2
DA:19,2
LF:9
LH:8
BRDA:7,0,0,1
BRDA:7,0,1,2
BRDA:7,1,0,3
BRDA:7,1,1,3
BRDA:7,1,2,2
BRF:5
BRH:5
end_of_record
TN:
SF:controllers\userController.js
FN:5,(anonymous_0)
FN:34,validateUser
FN:35,(anonymous_2)
FN:45,(anonymous_3)
FN:63,(anonymous_4)
FN:77,(anonymous_5)
FN:80,(anonymous_6)
FNF:7
FNH:4
FNDA:5,(anonymous_0)
FNDA:2,validateUser
FNDA:2,(anonymous_2)
FNDA:0,(anonymous_3)
FNDA:6,(anonymous_4)
FNDA:0,(anonymous_5)
FNDA:0,(anonymous_6)
DA:5,3
DA:6,5
DA:9,5
DA:11,5
DA:12,2
DA:15,3
DA:17,3
DA:20,2
DA:25,1
DA:27,2
DA:28,2
DA:35,2
DA:37,2
DA:38,0
DA:41,2
DA:42,2
DA:45,2
DA:46,0
DA:47,0
DA:48,0
DA:51,0
DA:52,0
DA:53,0
DA:55,0
DA:56,0
DA:63,3
DA:64,6
DA:66,6
DA:67,6
DA:69,5
DA:70,3
DA:73,2
DA:76,2
DA:78,0
DA:81,0
DA:84,1
DA:85,1
LF:37
LH:26
BRDA:11,0,0,2
BRDA:11,0,1,3
BRDA:11,1,0,5
BRDA:11,1,1,3
BRDA:37,2,0,0
BRDA:37,2,1,2
BRDA:46,3,0,0
BRDA:46,3,1,0
BRDA:51,4,0,0
BRDA:51,4,1,0
BRDA:69,5,0,3
BRDA:69,5,1,2
BRF:12
BRH:7
end_of_record
TN:
SF:routes\comentarioRoutes.js
FNF:0
FNH:0
DA:4,2
DA:7,2
DA:10,2
LF:3
LH:3
BRF:0
BRH:0
end_of_record
TN:
SF:routes\lugar.js
FNF:0
FNH:0
DA:4,2
DA:6,2
DA:7,2
DA:8,2
DA:9,2
LF:5
LH:5
BRF:0
BRH:0
end_of_record
TN:
SF:routes\user.js
FNF:0
FNH:0
DA:3,2
DA:5,2
DA:6,2
LF:3
LH:3
BRF:0
BRH:0
end_of_record
