TN:
SF:config\database.js
FNF:0
FNH:0
DA:4,4
DA:6,4
LF:2
LH:2
BRF:0
BRH:0
end_of_record
TN:
SF:controllers\comentarioController.js
FN:4,(anonymous_0)
FN:25,(anonymous_1)
FNF:2
FNH:2
FNDA:3,(anonymous_0)
FNDA:2,(anonymous_1)
DA:4,2
DA:5,3
DA:8,3
DA:9,1
DA:12,2
DA:13,2
DA:17,1
DA:19,1
DA:20,1
DA:25,2
DA:26,2
DA:27,2
DA:28,1
DA:30,1
DA:31,1
LF:15
LH:15
BRDA:8,0,0,1
BRDA:8,0,1,2
BRDA:8,1,0,3
BRDA:8,1,1,3
BRDA:8,1,2,3
BRF:5
BRH:5
end_of_record
TN:
SF:controllers\lugarController.js
FN:3,(anonymous_0)
FN:12,(anonymous_1)
FN:22,(anonymous_2)
FN:33,(anonymous_3)
FNF:4
FNH:4
FNDA:2,(anonymous_0)
FNDA:2,(anonymous_1)
FNDA:2,(anonymous_2)
FNDA:2,(anonymous_3)
DA:3,1
DA:4,2
DA:5,2
DA:6,1
DA:8,1
DA:12,1
DA:13,2
DA:14,2
DA:15,2
DA:16,1
DA:18,1
DA:22,1
DA:23,2
DA:24,2
DA:25,2
DA:26,2
DA:27,1
DA:29,1
DA:33,1
DA:34,2
DA:35,2
DA:36,2
DA:37,1
DA:39,1
LF:24
LH:24
BRF:0
BRH:0
end_of_record
TN:
SF:controllers\userController.js
FN:5,(anonymous_0)
FN:34,validateUser
FN:35,(anonymous_2)
FN:45,(anonymous_3)
FN:63,(anonymous_4)
FN:77,(anonymous_5)
FN:80,(anonymous_6)
FNF:7
FNH:4
FNDA:3,(anonymous_0)
FNDA:2,validateUser
FNDA:2,(anonymous_2)
FNDA:0,(anonymous_3)
FNDA:4,(anonymous_4)
FNDA:0,(anonymous_5)
FNDA:0,(anonymous_6)
DA:5,1
DA:6,3
DA:9,3
DA:11,3
DA:12,1
DA:15,2
DA:17,2
DA:20,1
DA:25,1
DA:27,1
DA:28,1
DA:35,2
DA:37,2
DA:38,0
DA:41,2
DA:42,2
DA:45,2
DA:46,0
DA:47,0
DA:48,0
DA:51,0
DA:52,0
DA:53,0
DA:55,0
DA:56,0
DA:63,1
DA:64,4
DA:66,4
DA:67,4
DA:69,3
DA:70,1
DA:73,2
DA:76,2
DA:78,0
DA:81,0
DA:84,1
DA:85,1
LF:37
LH:26
BRDA:11,0,0,1
BRDA:11,0,1,2
BRDA:11,1,0,3
BRDA:11,1,1,2
BRDA:37,2,0,0
BRDA:37,2,1,2
BRDA:46,3,0,0
BRDA:46,3,1,0
BRDA:51,4,0,0
BRDA:51,4,1,0
BRDA:69,5,0,1
BRDA:69,5,1,2
BRF:12
BRH:7
end_of_record
TN:
SF:routes\comentarioRoutes.js
FNF:0
FNH:0
DA:4,1
DA:7,1
DA:10,1
LF:3
LH:3
BRF:0
BRH:0
end_of_record
